<?xml version="1.0" encoding="UTF-8"?>
<!-- Generated by org.testng.reporters.JUnitXMLReporter -->
<testsuite ignored="0" hostname="Airs-MacBook-Air.local" failures="0" tests="4" name="Default test" time="14.197" errors="0" timestamp="2025-09-30T14:44:30 IST">
  <testcase classname="com.RestAssuredAoiTest.Users.UsersTest2" name="testAdd_A_New_User" time="4.253"/>
  <testcase classname="com.RestAssuredAoiTest.Users.UsersTest2" name="testGet_A_Single_User" time="0.502"/>
  <testcase classname="com.RestAssuredAoiTest.Users.UsersTest2" name="testUpdate_A_User" time="2.373"/>
  <testcase classname="com.RestAssuredAoiTest.Users.UsersTest2" name="testDelete_A_User" time="1.194"/>
</testsuite> <!-- Default test -->
