<?xml version="1.0" encoding="UTF-8"?>
<!-- Generated by org.testng.reporters.JUnitXMLReporter -->
<testsuite ignored="0" hostname="Airs-MacBook-Air.local" failures="0" tests="4" name="Test" time="15.538" errors="0" timestamp="2025-09-30T15:41:42 IST">
  <testcase classname="com.RestAssuredAoiTest.Users.UsersTest2" name="testAdd_A_New_User" time="5.606"/>
  <testcase classname="com.RestAssuredAoiTest.Users.UsersTest2" name="testGet_A_Single_User" time="1.614"/>
  <testcase classname="com.RestAssuredAoiTest.Users.UsersTest2" name="testUpdate_A_User" time="1.757"/>
  <testcase classname="com.RestAssuredAoiTest.Users.UsersTest2" name="testDelete_A_User" time="0.372"/>
</testsuite> <!-- Test -->
