<?xml version="1.0" encoding="UTF-8"?>
<testng-results ignored="0" total="4" passed="4" failed="0" skipped="0">
  <reporter-output>
  </reporter-output>
  <suite started-at="2025-09-30T15:41:21 IST" name="Suite" finished-at="2025-09-30T15:41:37 IST" duration-ms="15538">
    <groups>
    </groups>
    <test started-at="2025-09-30T15:41:21 IST" name="Test" finished-at="2025-09-30T15:41:37 IST" duration-ms="15538">
      <class name="com.RestAssuredAoiTest.Users.UsersTest2">
        <test-method is-config="true" signature="setData()[pri:0, instance:com.RestAssuredAoiTest.Users.UsersTest2@53fb3dab]" started-at="2025-09-30T15:41:21 IST" name="setData" finished-at="2025-09-30T15:41:27 IST" duration-ms="6054" status="PASS">
          <reporter-output>
          </reporter-output>
        </test-method> <!-- setData -->
        <test-method signature="testAdd_A_New_User()[pri:1, instance:com.RestAssuredAoiTest.Users.UsersTest2@53fb3dab]" started-at="2025-09-30T15:41:27 IST" name="testAdd_A_New_User" finished-at="2025-09-30T15:41:33 IST" duration-ms="5606" status="PASS">
          <reporter-output>
          </reporter-output>
        </test-method> <!-- testAdd_A_New_User -->
        <test-method signature="testGet_A_Single_User()[pri:2, instance:com.RestAssuredAoiTest.Users.UsersTest2@53fb3dab]" started-at="2025-09-30T15:41:33 IST" name="testGet_A_Single_User" finished-at="2025-09-30T15:41:35 IST" duration-ms="1614" status="PASS">
          <reporter-output>
          </reporter-output>
        </test-method> <!-- testGet_A_Single_User -->
        <test-method signature="testUpdate_A_User()[pri:3, instance:com.RestAssuredAoiTest.Users.UsersTest2@53fb3dab]" started-at="2025-09-30T15:41:35 IST" name="testUpdate_A_User" finished-at="2025-09-30T15:41:36 IST" duration-ms="1757" status="PASS">
          <reporter-output>
          </reporter-output>
        </test-method> <!-- testUpdate_A_User -->
        <test-method signature="testDelete_A_User()[pri:4, instance:com.RestAssuredAoiTest.Users.UsersTest2@53fb3dab]" started-at="2025-09-30T15:41:36 IST" name="testDelete_A_User" finished-at="2025-09-30T15:41:37 IST" duration-ms="372" status="PASS">
          <reporter-output>
          </reporter-output>
        </test-method> <!-- testDelete_A_User -->
      </class> <!-- com.RestAssuredAoiTest.Users.UsersTest2 -->
    </test> <!-- Test -->
  </suite> <!-- Suite -->
</testng-results>
